{"/home/xuwenchao/atomProjects/koa-api/config/index.js":{"path":"/home/xuwenchao/atomProjects/koa-api/config/index.js","s":{"1":1},"b":{},"f":{},"fnMap":{},"statementMap":{"1":{"start":{"line":1,"column":0},"end":{"line":7,"column":1}}},"branchMap":{}},"/home/xuwenchao/atomProjects/koa-api/src/routes/index.js":{"path":"/home/xuwenchao/atomProjects/koa-api/src/routes/index.js","s":{"1":1,"2":1,"3":1,"4":1,"5":1,"6":1,"7":1},"b":{},"f":{},"fnMap":{},"statementMap":{"1":{"start":{"line":1,"column":0},"end":{"line":1,"column":38}},"2":{"start":{"line":2,"column":0},"end":{"line":2,"column":58}},"3":{"start":{"line":3,"column":0},"end":{"line":3,"column":58}},"4":{"start":{"line":4,"column":0},"end":{"line":4,"column":55}},"5":{"start":{"line":6,"column":0},"end":{"line":10,"column":61}},"6":{"start":{"line":12,"column":0},"end":{"line":15,"column":49}},"7":{"start":{"line":16,"column":0},"end":{"line":16,"column":23}}},"branchMap":{}},"/home/xuwenchao/atomProjects/koa-api/src/models/user.model.js":{"path":"/home/xuwenchao/atomProjects/koa-api/src/models/user.model.js","s":{"1":1,"2":1,"3":1,"4":1},"b":{},"f":{},"fnMap":{},"statementMap":{"1":{"start":{"line":1,"column":0},"end":{"line":1,"column":32}},"2":{"start":{"line":2,"column":0},"end":{"line":2,"column":30}},"3":{"start":{"line":3,"column":0},"end":{"line":14,"column":2}},"4":{"start":{"line":15,"column":0},"end":{"line":15,"column":60}}},"branchMap":{}},"/home/xuwenchao/atomProjects/koa-api/src/models/db.js":{"path":"/home/xuwenchao/atomProjects/koa-api/src/models/db.js","s":{"1":1,"2":1,"3":1,"4":1,"5":1,"6":1,"7":0,"8":1,"9":0,"10":1},"b":{},"f":{"1":1,"2":0,"3":0},"fnMap":{"1":{"name":"(anonymous_1)","line":5,"loc":{"start":{"line":5,"column":36},"end":{"line":5,"column":48}}},"2":{"name":"(anonymous_2)","line":9,"loc":{"start":{"line":9,"column":32},"end":{"line":9,"column":47}}},"3":{"name":"(anonymous_3)","line":13,"loc":{"start":{"line":13,"column":39},"end":{"line":13,"column":51}}}},"statementMap":{"1":{"start":{"line":1,"column":0},"end":{"line":1,"column":36}},"2":{"start":{"line":2,"column":0},"end":{"line":2,"column":38}},"3":{"start":{"line":3,"column":0},"end":{"line":3,"column":58}},"4":{"start":{"line":5,"column":0},"end":{"line":7,"column":2}},"5":{"start":{"line":6,"column":4},"end":{"line":6,"column":66}},"6":{"start":{"line":9,"column":0},"end":{"line":11,"column":2}},"7":{"start":{"line":10,"column":4},"end":{"line":10,"column":52}},"8":{"start":{"line":13,"column":0},"end":{"line":15,"column":2}},"9":{"start":{"line":14,"column":4},"end":{"line":14,"column":51}},"10":{"start":{"line":16,"column":0},"end":{"line":16,"column":25}}},"branchMap":{}},"/home/xuwenchao/atomProjects/koa-api/src/models/blog.model.js":{"path":"/home/xuwenchao/atomProjects/koa-api/src/models/blog.model.js","s":{"1":1,"2":1,"3":1,"4":1},"b":{},"f":{},"fnMap":{},"statementMap":{"1":{"start":{"line":1,"column":0},"end":{"line":1,"column":32}},"2":{"start":{"line":2,"column":0},"end":{"line":2,"column":30}},"3":{"start":{"line":3,"column":0},"end":{"line":13,"column":2}},"4":{"start":{"line":14,"column":0},"end":{"line":14,"column":60}}},"branchMap":{}}}