TN:
SF:/home/xuwenchao/atomProjects/koa-api/app.js
FN:33,(anonymous_0)
FNF:1
FNH:0
FNDA:0,(anonymous_0)
DA:1,1
DA:2,1
DA:3,1
DA:4,1
DA:5,1
DA:6,1
DA:7,1
DA:8,1
DA:9,1
DA:10,1
DA:11,1
DA:13,1
DA:15,1
DA:17,1
DA:19,1
DA:21,1
DA:23,1
DA:24,1
DA:26,1
DA:28,1
DA:30,1
DA:31,1
DA:33,0
LF:23
LH:22
BRDA:30,0,0,1
BRDA:30,0,1,0
BRF:2
BRH:1
end_of_record
TN:
SF:/home/xuwenchao/atomProjects/koa-api/config/index.js
FNF:0
FNH:0
DA:1,1
LF:1
LH:1
BRF:0
BRH:0
end_of_record
TN:
SF:/home/xuwenchao/atomProjects/koa-api/src/controllers/blog.controller.js
FN:4,(anonymous_0)
FN:14,(anonymous_1)
FN:28,(anonymous_2)
FN:35,(anonymous_3)
FNF:4
FNH:0
FNDA:0,(anonymous_0)
FNDA:0,(anonymous_1)
FNDA:0,(anonymous_2)
FNDA:0,(anonymous_3)
DA:1,1
DA:2,1
DA:5,0
DA:6,0
DA:7,0
DA:8,0
DA:9,0
DA:10,0
DA:11,0
DA:15,0
DA:16,0
DA:17,0
DA:23,0
DA:24,0
DA:25,0
DA:29,0
DA:30,0
DA:31,0
DA:36,0
DA:37,0
DA:38,0
LF:21
LH:2
BRDA:6,0,0,0
BRDA:6,0,1,0
BRDA:7,1,0,0
BRDA:7,1,1,0
BRDA:8,2,0,0
BRDA:8,2,1,0
BRDA:23,3,0,0
BRDA:23,3,1,0
BRDA:38,4,0,0
BRDA:38,4,1,0
BRF:10
BRH:0
end_of_record
TN:
SF:/home/xuwenchao/atomProjects/koa-api/src/controllers/user.controller.js
FN:8,(anonymous_0)
FN:13,(anonymous_1)
FN:19,(anonymous_2)
FN:44,(anonymous_3)
FN:68,(anonymous_4)
FNF:5
FNH:5
FNDA:1,(anonymous_0)
FNDA:2,(anonymous_1)
FNDA:3,(anonymous_2)
FNDA:2,(anonymous_3)
FNDA:1,(anonymous_4)
DA:1,1
DA:2,1
DA:3,1
DA:4,1
DA:5,1
DA:6,1
DA:9,1
DA:10,1
DA:14,2
DA:15,2
DA:16,2
DA:20,3
DA:22,3
DA:23,3
DA:24,1
DA:25,2
DA:26,0
DA:27,2
DA:28,0
DA:29,2
DA:30,0
DA:32,3
DA:33,1
DA:35,2
DA:36,2
DA:37,1
DA:39,1
DA:40,1
DA:41,1
DA:45,2
DA:47,2
DA:48,2
DA:49,1
DA:50,1
DA:51,0
DA:53,1
DA:55,1
DA:60,1
DA:69,1
DA:70,1
DA:71,1
DA:72,1
DA:74,0
LF:43
LH:38
BRDA:23,0,0,1
BRDA:23,0,1,2
BRDA:25,1,0,0
BRDA:25,1,1,2
BRDA:25,2,0,2
BRDA:25,2,1,2
BRDA:27,3,0,0
BRDA:27,3,1,2
BRDA:29,4,0,0
BRDA:29,4,1,2
BRDA:32,5,0,1
BRDA:32,5,1,2
BRDA:36,6,0,1
BRDA:36,6,1,1
BRDA:48,7,0,1
BRDA:48,7,1,1
BRDA:50,8,0,0
BRDA:50,8,1,1
BRDA:71,9,0,1
BRDA:71,9,1,0
BRF:20
BRH:15
end_of_record
TN:
SF:/home/xuwenchao/atomProjects/koa-api/src/middlewares/catch.js
FN:5,(anonymous_0)
FNF:1
FNH:1
FNDA:9,(anonymous_0)
DA:5,1
DA:6,9
DA:7,9
DA:9,0
DA:10,0
DA:12,0
DA:13,0
DA:15,0
DA:16,0
LF:9
LH:3
BRDA:9,0,0,0
BRDA:9,0,1,0
BRDA:12,1,0,0
BRDA:12,1,1,0
BRF:4
BRH:0
end_of_record
TN:
SF:/home/xuwenchao/atomProjects/koa-api/src/middlewares/checkToken.js
FN:6,(anonymous_0)
FNF:1
FNH:1
FNDA:1,(anonymous_0)
DA:4,1
DA:5,1
DA:6,1
DA:7,1
DA:8,1
DA:9,1
DA:10,1
DA:11,0
DA:13,1
DA:16,0
LF:10
LH:8
BRDA:8,0,0,1
BRDA:8,0,1,0
BRDA:10,1,0,0
BRDA:10,1,1,1
BRF:4
BRH:2
end_of_record
TN:
SF:/home/xuwenchao/atomProjects/koa-api/src/middlewares/response.js
FN:9,(anonymous_0)
FN:10,(anonymous_1)
FN:14,(anonymous_2)
FNF:3
FNH:3
FNDA:9,(anonymous_0)
FNDA:3,(anonymous_1)
FNDA:6,(anonymous_2)
DA:9,1
DA:10,9
DA:11,3
DA:12,3
DA:14,9
DA:15,6
DA:16,6
DA:18,9
LF:8
LH:8
BRDA:10,0,0,0
BRDA:10,1,0,0
BRDA:10,2,0,2
BRDA:14,3,0,4
BRF:4
BRH:2
end_of_record
TN:
SF:/home/xuwenchao/atomProjects/koa-api/src/models/blog.model.js
FNF:0
FNH:0
DA:1,1
DA:2,1
DA:3,1
DA:14,1
LF:4
LH:4
BRF:0
BRH:0
end_of_record
TN:
SF:/home/xuwenchao/atomProjects/koa-api/src/models/db.js
FN:5,(anonymous_0)
FN:9,(anonymous_1)
FN:13,(anonymous_2)
FNF:3
FNH:1
FNDA:1,(anonymous_0)
FNDA:0,(anonymous_1)
FNDA:0,(anonymous_2)
DA:1,1
DA:2,1
DA:3,1
DA:5,1
DA:6,1
DA:9,1
DA:10,0
DA:13,1
DA:14,0
DA:16,1
LF:10
LH:8
BRF:0
BRH:0
end_of_record
TN:
SF:/home/xuwenchao/atomProjects/koa-api/src/models/user.model.js
FNF:0
FNH:0
DA:1,1
DA:2,1
DA:3,1
DA:15,1
LF:4
LH:4
BRF:0
BRH:0
end_of_record
TN:
SF:/home/xuwenchao/atomProjects/koa-api/src/routes/index.js
FNF:0
FNH:0
DA:1,1
DA:2,1
DA:3,1
DA:4,1
DA:6,1
DA:12,1
DA:16,1
LF:7
LH:7
BRF:0
BRH:0
end_of_record
